<?xml version="1.0" encoding="UTF-8"?>
<testsuite xmlns:xsi="http://www.w3.org/2001/XMLSchema-instance" xsi:noNamespaceSchemaLocation="https://maven.apache.org/surefire/maven-surefire-plugin/xsd/surefire-test-report.xsd" name="ru.yandex.practicum.sprint_3.LoginCourierTest" time="6.44" tests="3" errors="0" skipped="0" failures="0">
  <properties>
[...]
</properties>
  <testcase name="courierIdIncorrectField" classname="ru.yandex.practicum.sprint_3.LoginCourierTest" time="4.367"/>
  <testcase name="courierIdWithoutRequiredField" classname="ru.yandex.practicum.sprint_3.LoginCourierTest" time="0.993"/>
  <testcase name="courierCanCreatedAndBeLogIn" classname="ru.yandex.practicum.sprint_3.LoginCourierTest" time="0.957"/>
</testsuite>